\BOOKMARK [1][-]{section.1}{\376\377\000D\000e\000f\000i\000n\000i\000t\000i\000o\000n\000s\000,\000\040\000C\000l\000a\000s\000s\000i\000f\000i\000c\000a\000t\000i\000o\000n\000\040\000o\000f\000\040\000P\000D\000E\000s}{}% 1
\BOOKMARK [2][-]{subsection.1.1}{\376\377\000B\000i\000g\000\040\000O\000,\000\040\000C\000l\000a\000s\000s\000i\000f\000i\000c\000a\000t\000i\000o\000n}{section.1}% 2
\BOOKMARK [2][-]{subsection.1.2}{\376\377\000N\000o\000r\000m}{section.1}% 3
\BOOKMARK [2][-]{subsection.1.3}{\376\377\000L\000i\000n\000e\000a\000r\000\040\000A\000l\000g\000e\000b\000r\000a}{section.1}% 4
\BOOKMARK [1][-]{section.2}{\376\377\000G\000l\000o\000b\000a\000l\000/\000L\000o\000c\000a\000l\000\040\000E\000r\000r\000o\000r\000,\000\040\000C\000o\000n\000v\000e\000r\000g\000e\000n\000c\000e\000,\000\040\000C\000o\000n\000s\000i\000s\000t\000e\000n\000c\000y\000,\000\040\000S\000t\000a\000b\000i\000l\000i\000t\000y}{}% 5
\BOOKMARK [1][-]{section.3}{\376\377\000I\000n\000t\000r\000o\000\040\000\046\000\040\000M\000e\000t\000h\000o\000d\000\040\000o\000f\000\040\000L\000i\000n\000e\000s}{}% 6
\BOOKMARK [1][-]{section.4}{\376\377\000\040\000L\000a\000x\000-\000R\000i\000c\000h\000t\000m\000y\000e\000r\000\040\000S\000t\000a\000b\000i\000l\000i\000t\000y\000,\000\040\000v\000o\000n\000\040\000N\000e\000u\000m\000a\000n\000n\000\040\000A\000n\000a\000l\000y\000s\000i\000s}{}% 7
\BOOKMARK [1][-]{section.5}{\376\377\000B\000o\000u\000n\000d\000a\000r\000y\000\040\000C\000o\000n\000d\000i\000t\000i\000o\000n}{}% 8
\BOOKMARK [1][-]{section.6}{\376\377\000O\000n\000e\000\040\000T\000i\000m\000e\000\040\000S\000o\000l\000v\000e\000\040\000T\000w\000o\000\040\000V\000a\000r\000i\000a\000b\000l\000e\000s\000\040\000P\000D\000E\000s}{}% 9
\BOOKMARK [1][-]{section.7}{\376\377\000S\000p\000e\000c\000t\000r\000a\000l\000\040\000M\000e\000t\000h\000o\000d\000s}{}% 10
\BOOKMARK [1][-]{section.8}{\376\377\000I\000t\000e\000r\000a\000t\000i\000o\000n\000\040\000M\000e\000t\000h\000o\000d}{}% 11
\BOOKMARK [1][-]{section.9}{\376\377\000A\000p\000p\000e\000n\000d\000i\000x\000\040\000\040\000x\000,\000x\0002\000,\000x\0003\000\040\000a\000s\000\040\000x\0000\000,\000\040\000\040\000x\000-\0001\000,\000x\000-\0002\000,\000x\000-\0003\000\040\000a\000s\000\040\000x\000i\000n\000f}{}% 12
\BOOKMARK [2][-]{subsection.9.1}{\376\377\000U\000s\000e\000f\000u\000l\000\040\000T\000o\000o\000l\000s}{section.9}% 13
\BOOKMARK [2][-]{subsection.9.2}{\376\377\000N\000L\000A}{section.9}% 14
\BOOKMARK [1][-]{section.10}{\376\377\000T\000h\000e\000\040\000S\000t\000e\000e\000p\000e\000s\000t\000\040\000D\000e\000s\000c\000e\000n\000t\000\040\000M\000e\000t\000h\000o\000d}{}% 15
\BOOKMARK [1][-]{section.11}{\376\377\000T\000h\000e\000\040\000a\000d\000v\000e\000c\000t\000i\000o\000n\000\040\000e\000q\000u\000a\000t\000i\000o\000n}{}% 16
\BOOKMARK [1][-]{section.12}{\376\377\000A\000p\000p\000e\000n\000d\000i\000x}{}% 17
\BOOKMARK [2][-]{subsection.12.1}{\376\377\000O\000t\000h\000e\000r}{section.12}% 18
\BOOKMARK [2][-]{subsection.12.2}{\376\377\000O\000D\000E}{section.12}% 19
\BOOKMARK [2][-]{subsection.12.3}{\376\377\000I\000n\000t\000e\000g\000r\000a\000l}{section.12}% 20
\BOOKMARK [2][-]{subsection.12.4}{\376\377\000E\000x\000p\000a\000n\000s\000i\000o\000n}{section.12}% 21
\BOOKMARK [2][-]{subsection.12.5}{\376\377\000O\000t\000h\000e\000r}{section.12}% 22
\BOOKMARK [1][-]{section.13}{\376\377\000S\000o\000m\000e\000\040\000P\000r\000o\000o\000f\000s}{}% 23
